<?xml version="1.0" encoding="UTF-8"?>
<!-- Generated by org.testng.reporters.JUnitReportReporter -->
<testsuite skipped="0" hostname="DELL-PC" name="com.ExtentReports.StartingWithExtentReports" tests="1" failures="0" timestamp="27 Sep 2017 02:50:01 GMT" time="22.052" errors="0">
  <testcase name="startTest" time="22.052" classname="com.ExtentReports.StartingWithExtentReports"/>
</testsuite> <!-- com.ExtentReports.StartingWithExtentReports -->
