<?xml version="1.0" encoding="UTF-8"?>
<!-- Generated by org.testng.reporters.JUnitReportReporter -->
<testsuite skipped="0" hostname="DELL-PC" name="Selenium.TakeScreenShot.TakeScreenShots" tests="1" failures="0" timestamp="24 Sep 2017 04:12:42 GMT" time="22.473" errors="0">
  <testcase name="LaunchBrowser" time="22.473" classname="Selenium.TakeScreenShot.TakeScreenShots"/>
</testsuite> <!-- Selenium.TakeScreenShot.TakeScreenShots -->
