<?xml version="1.0" encoding="UTF-8"?>
<!-- Generated by org.testng.reporters.JUnitReportReporter -->
<testsuite skipped="0" hostname="DELL-PC" name="Selenium.TestNg.Groups" tests="2" failures="0" timestamp="24 Sep 2017 03:51:58 GMT" time="23.154" errors="0">
  <testcase name="LaunchBrowser" time="22.173" classname="Selenium.TestNg.Groups"/>
  <testcase name="MyInfo" time="0.981" classname="Selenium.TestNg.Groups"/>
</testsuite> <!-- Selenium.TestNg.Groups -->
