<?xml version="1.0" encoding="UTF-8"?>
<!-- Generated by org.testng.reporters.JUnitReportReporter -->
<testsuite skipped="0" hostname="DELL-PC" name="Selenium.TestNg.AnnotationsImplementations" tests="2" failures="0" timestamp="20 Sep 2017 02:51:50 GMT" time="13.499" errors="0">
  <testcase name="LaunchBrowser" time="10.144" classname="Selenium.TestNg.AnnotationsImplementations"/>
  <testcase name="Login" time="3.355" classname="Selenium.TestNg.AnnotationsImplementations"/>
</testsuite> <!-- Selenium.TestNg.AnnotationsImplementations -->
